<?xml version="1.0" encoding="UTF-8"?>
<!-- Generated by org.testng.reporters.JUnitReportReporter -->
<testsuite hostname="Sarawat" failures="0" tests="1" name="com.facebook1.baseLoginTest.ClientTest" time="3.548" errors="0" timestamp="2023-10-06T23:19:07 EDT" skipped="0">
  <testcase classname="com.facebook1.baseLoginTest.ClientTest" name="validLoginTest" time="3.548"/>
  <system-out/>
</testsuite> <!-- com.facebook1.baseLoginTest.ClientTest -->
