<?xml version="1.0" encoding="UTF-8"?>
<!-- Generated by org.testng.reporters.JUnitReportReporter -->
<testsuite hostname="Sarawat" failures="0" tests="1" name="com.facebook1.base.ClientTest" time="3.609" errors="0" timestamp="2023-10-06T20:44:56 EDT" skipped="0">
  <testcase classname="com.facebook1.base.ClientTest" name="validLoginTest" time="3.609"/>
  <system-out/>
</testsuite> <!-- com.facebook1.base.ClientTest -->
