<?xml version="1.0" encoding="UTF-8"?>
<!-- Generated by org.testng.reporters.JUnitReportReporter -->
<testsuite hostname="Sarawat" failures="0" tests="2" name="com.facebook1.POM_PageFactory_LoginTestWithPagetory.LoginTestWithPageFactory" time="6.087" errors="0" timestamp="2023-10-04T22:16:26 EDT" skipped="0">
  <testcase classname="com.facebook1.POM_PageFactory_LoginTestWithPagetory.LoginTestWithPageFactory" name="invalidLoginTest" time="4.048"/>
  <system-out/>
  <testcase classname="com.facebook1.POM_PageFactory_LoginTestWithPagetory.LoginTestWithPageFactory" name="boundaryLoginTest" time="2.039"/>
  <system-out/>
</testsuite> <!-- com.facebook1.POM_PageFactory_LoginTestWithPagetory.LoginTestWithPageFactory -->
